[2025-06-21 11:58:10] [EXCEPTION] Undefined constant "DEFAULT_WEIGHT_PER_ITEM" {"file":"C:\\xampp\\htdocs\\LVTN_PhanBon\\checkout.php","line":78,"trace":"#0 {main}"}
[2025-06-21 11:58:15] [EXCEPTION] Undefined constant "DEFAULT_WEIGHT_PER_ITEM" {"file":"C:\\xampp\\htdocs\\LVTN_PhanBon\\checkout.php","line":78,"trace":"#0 {main}"}
[2025-06-21 11:59:49] [EXCEPTION] Undefined constant "DEFAULT_WEIGHT_PER_ITEM" {"file":"C:\\xampp\\htdocs\\LVTN_PhanBon\\checkout.php","line":78,"trace":"#0 {main}"}
[2025-06-21 12:00:09] [EXCEPTION] Undefined constant "DEFAULT_WEIGHT_PER_ITEM" {"file":"C:\\xampp\\htdocs\\LVTN_PhanBon\\checkout.php","line":78,"trace":"#0 {main}"}
[2025-06-21 12:02:26] [EXCEPTION] Undefined constant "DEFAULT_WEIGHT_PER_ITEM" {"file":"C:\\xampp\\htdocs\\LVTN_PhanBon\\checkout.php","line":78,"trace":"#0 {main}"}
[2025-06-21 12:02:31] [EXCEPTION] Undefined constant "DEFAULT_WEIGHT_PER_ITEM" {"file":"C:\\xampp\\htdocs\\LVTN_PhanBon\\checkout.php","line":78,"trace":"#0 {main}"}
[2025-06-21 12:42:18] [ERROR] Undefined variable $promo_details {"file":"C:\\xampp\\htdocs\\LVTN_PhanBon\\checkout.php","line":285,"type":2}
[2025-06-21 12:42:18] [ERROR] foreach() argument must be of type array|object, null given {"file":"C:\\xampp\\htdocs\\LVTN_PhanBon\\checkout.php","line":285,"type":2}
[2025-06-21 12:42:18] [ERROR] Undefined variable $promo_details {"file":"C:\\xampp\\htdocs\\LVTN_PhanBon\\checkout.php","line":298,"type":2}
[2025-06-21 12:42:18] [EXCEPTION] count(): Argument #1 ($value) must be of type Countable|array, null given {"file":"C:\\xampp\\htdocs\\LVTN_PhanBon\\checkout.php","line":298,"trace":"#0 {main}"}
[2025-06-21 12:44:16] [ERROR] Undefined variable $promo_details {"file":"C:\\xampp\\htdocs\\LVTN_PhanBon\\checkout.php","line":285,"type":2}
[2025-06-21 12:44:16] [ERROR] foreach() argument must be of type array|object, null given {"file":"C:\\xampp\\htdocs\\LVTN_PhanBon\\checkout.php","line":285,"type":2}
[2025-06-21 12:44:16] [ERROR] Undefined variable $promo_details {"file":"C:\\xampp\\htdocs\\LVTN_PhanBon\\checkout.php","line":298,"type":2}
[2025-06-21 12:44:16] [EXCEPTION] count(): Argument #1 ($value) must be of type Countable|array, null given {"file":"C:\\xampp\\htdocs\\LVTN_PhanBon\\checkout.php","line":298,"trace":"#0 {main}"}
[2025-06-21 12:44:19] [ERROR] Undefined variable $promo_details {"file":"C:\\xampp\\htdocs\\LVTN_PhanBon\\checkout.php","line":285,"type":2}
[2025-06-21 12:44:19] [ERROR] foreach() argument must be of type array|object, null given {"file":"C:\\xampp\\htdocs\\LVTN_PhanBon\\checkout.php","line":285,"type":2}
[2025-06-21 12:44:19] [ERROR] Undefined variable $promo_details {"file":"C:\\xampp\\htdocs\\LVTN_PhanBon\\checkout.php","line":298,"type":2}
[2025-06-21 12:44:19] [EXCEPTION] count(): Argument #1 ($value) must be of type Countable|array, null given {"file":"C:\\xampp\\htdocs\\LVTN_PhanBon\\checkout.php","line":298,"trace":"#0 {main}"}
[2025-06-21 12:44:22] [ERROR] Undefined variable $promo_details {"file":"C:\\xampp\\htdocs\\LVTN_PhanBon\\checkout.php","line":285,"type":2}
[2025-06-21 12:44:22] [ERROR] foreach() argument must be of type array|object, null given {"file":"C:\\xampp\\htdocs\\LVTN_PhanBon\\checkout.php","line":285,"type":2}
[2025-06-21 12:44:22] [ERROR] Undefined variable $promo_details {"file":"C:\\xampp\\htdocs\\LVTN_PhanBon\\checkout.php","line":298,"type":2}
[2025-06-21 12:44:22] [EXCEPTION] count(): Argument #1 ($value) must be of type Countable|array, null given {"file":"C:\\xampp\\htdocs\\LVTN_PhanBon\\checkout.php","line":298,"trace":"#0 {main}"}
[2025-06-21 12:46:14] [ERROR] Undefined variable $promo_details {"file":"C:\\xampp\\htdocs\\LVTN_PhanBon\\checkout.php","line":287,"type":2}
[2025-06-21 12:46:14] [ERROR] foreach() argument must be of type array|object, null given {"file":"C:\\xampp\\htdocs\\LVTN_PhanBon\\checkout.php","line":287,"type":2}
[2025-06-21 12:46:14] [ERROR] Undefined variable $promo_details {"file":"C:\\xampp\\htdocs\\LVTN_PhanBon\\checkout.php","line":300,"type":2}
[2025-06-21 12:46:14] [EXCEPTION] count(): Argument #1 ($value) must be of type Countable|array, null given {"file":"C:\\xampp\\htdocs\\LVTN_PhanBon\\checkout.php","line":300,"trace":"#0 {main}"}
[2025-06-21 12:47:24] [ERROR] Undefined array key "selected_items" {"file":"C:\\xampp\\htdocs\\LVTN_PhanBon\\checkout.php","line":226,"type":2}
[2025-06-21 12:47:24] [ERROR] foreach() argument must be of type array|object, null given {"file":"C:\\xampp\\htdocs\\LVTN_PhanBon\\checkout.php","line":226,"type":2}
[2025-06-21 12:47:24] [ERROR] Undefined array key "selected_items" {"file":"C:\\xampp\\htdocs\\LVTN_PhanBon\\checkout.php","line":254,"type":2}
[2025-06-21 12:47:24] [ERROR] foreach() argument must be of type array|object, null given {"file":"C:\\xampp\\htdocs\\LVTN_PhanBon\\checkout.php","line":254,"type":2}
[2025-06-21 12:47:34] [ERROR] Undefined array key "selected_items" {"file":"C:\\xampp\\htdocs\\LVTN_PhanBon\\checkout.php","line":226,"type":2}
[2025-06-21 12:47:34] [ERROR] foreach() argument must be of type array|object, null given {"file":"C:\\xampp\\htdocs\\LVTN_PhanBon\\checkout.php","line":226,"type":2}
[2025-06-21 12:47:34] [ERROR] Undefined array key "selected_items" {"file":"C:\\xampp\\htdocs\\LVTN_PhanBon\\checkout.php","line":254,"type":2}
[2025-06-21 12:47:34] [ERROR] foreach() argument must be of type array|object, null given {"file":"C:\\xampp\\htdocs\\LVTN_PhanBon\\checkout.php","line":254,"type":2}
[2025-06-21 12:47:35] [ERROR] Undefined array key "selected_items" {"file":"C:\\xampp\\htdocs\\LVTN_PhanBon\\checkout.php","line":226,"type":2}
[2025-06-21 12:47:35] [ERROR] foreach() argument must be of type array|object, null given {"file":"C:\\xampp\\htdocs\\LVTN_PhanBon\\checkout.php","line":226,"type":2}
[2025-06-21 12:47:35] [ERROR] Undefined array key "selected_items" {"file":"C:\\xampp\\htdocs\\LVTN_PhanBon\\checkout.php","line":254,"type":2}
[2025-06-21 12:47:35] [ERROR] foreach() argument must be of type array|object, null given {"file":"C:\\xampp\\htdocs\\LVTN_PhanBon\\checkout.php","line":254,"type":2}
[2025-06-21 16:55:07] [ERROR] Undefined array key "selected_items" {"file":"C:\\xampp\\htdocs\\LVTN_PhanBon\\checkout.php","line":330,"type":2}
[2025-06-21 16:55:07] [ERROR] foreach() argument must be of type array|object, null given {"file":"C:\\xampp\\htdocs\\LVTN_PhanBon\\checkout.php","line":330,"type":2}
[2025-06-21 16:55:07] [ERROR] Undefined array key "selected_items" {"file":"C:\\xampp\\htdocs\\LVTN_PhanBon\\checkout.php","line":354,"type":2}
[2025-06-21 16:55:07] [ERROR] foreach() argument must be of type array|object, null given {"file":"C:\\xampp\\htdocs\\LVTN_PhanBon\\checkout.php","line":354,"type":2}
[2025-06-22 09:39:03] [ERROR] Undefined array key "selected_items" {"file":"C:\\xampp\\htdocs\\LVTN_PhanBon\\checkout.php","line":330,"type":2}
[2025-06-22 09:39:03] [ERROR] foreach() argument must be of type array|object, null given {"file":"C:\\xampp\\htdocs\\LVTN_PhanBon\\checkout.php","line":330,"type":2}
[2025-06-22 09:39:03] [ERROR] Undefined array key "selected_items" {"file":"C:\\xampp\\htdocs\\LVTN_PhanBon\\checkout.php","line":354,"type":2}
[2025-06-22 09:39:03] [ERROR] foreach() argument must be of type array|object, null given {"file":"C:\\xampp\\htdocs\\LVTN_PhanBon\\checkout.php","line":354,"type":2}
[2025-06-22 15:16:51] [EXCEPTION] Unknown column 'KM_TRANGTHAI' in 'where clause' {"file":"C:\\xampp\\htdocs\\LVTN_PhanBon\\checkout.php","line":471,"trace":"#0 C:\\xampp\\htdocs\\LVTN_PhanBon\\checkout.php(471): mysqli->query('SELECT * FROM k...')\n#1 {main}"}
[2025-06-22 15:19:31] [EXCEPTION] Unknown column 'KM_TRANGTHAI' in 'where clause' {"file":"C:\\xampp\\htdocs\\LVTN_PhanBon\\checkout.php","line":471,"trace":"#0 C:\\xampp\\htdocs\\LVTN_PhanBon\\checkout.php(471): mysqli->query('SELECT * FROM k...')\n#1 {main}"}
[2025-06-22 15:23:04] [EXCEPTION] Unknown column 'KM_TRANGTHAI' in 'where clause' {"file":"C:\\xampp\\htdocs\\LVTN_PhanBon\\checkout.php","line":471,"trace":"#0 C:\\xampp\\htdocs\\LVTN_PhanBon\\checkout.php(471): mysqli->query('SELECT * FROM k...')\n#1 {main}"}
[2025-06-22 15:23:16] [EXCEPTION] Unknown column 'KM_TRANGTHAI' in 'where clause' {"file":"C:\\xampp\\htdocs\\LVTN_PhanBon\\checkout.php","line":471,"trace":"#0 C:\\xampp\\htdocs\\LVTN_PhanBon\\checkout.php(471): mysqli->query('SELECT * FROM k...')\n#1 {main}"}
[2025-06-22 15:25:21] [EXCEPTION] Unknown column 'KM_TRANGTHAI' in 'where clause' {"file":"C:\\xampp\\htdocs\\LVTN_PhanBon\\checkout.php","line":471,"trace":"#0 C:\\xampp\\htdocs\\LVTN_PhanBon\\checkout.php(471): mysqli->query('SELECT * FROM k...')\n#1 {main}"}
[2025-06-22 15:25:33] [EXCEPTION] Unknown column 'KM_TRANGTHAI' in 'where clause' {"file":"C:\\xampp\\htdocs\\LVTN_PhanBon\\checkout.php","line":471,"trace":"#0 C:\\xampp\\htdocs\\LVTN_PhanBon\\checkout.php(471): mysqli->query('SELECT * FROM k...')\n#1 {main}"}
[2025-06-22 15:27:37] [EXCEPTION] Unknown column 'KM_TRANGTHAI' in 'where clause' {"file":"C:\\xampp\\htdocs\\LVTN_PhanBon\\checkout.php","line":469,"trace":"#0 C:\\xampp\\htdocs\\LVTN_PhanBon\\checkout.php(469): mysqli->query('SELECT * FROM k...')\n#1 {main}"}
[2025-06-22 15:27:48] [EXCEPTION] Unknown column 'KM_TRANGTHAI' in 'where clause' {"file":"C:\\xampp\\htdocs\\LVTN_PhanBon\\checkout.php","line":469,"trace":"#0 C:\\xampp\\htdocs\\LVTN_PhanBon\\checkout.php(469): mysqli->query('SELECT * FROM k...')\n#1 {main}"}
[2025-06-22 15:29:50] [EXCEPTION] Unknown column 'KM_TRANGTHAI' in 'where clause' {"file":"C:\\xampp\\htdocs\\LVTN_PhanBon\\checkout.php","line":469,"trace":"#0 C:\\xampp\\htdocs\\LVTN_PhanBon\\checkout.php(469): mysqli->query('SELECT * FROM k...')\n#1 {main}"}
[2025-06-22 15:32:39] [EXCEPTION] Unknown column 'KM_TRANGTHAI' in 'where clause' {"file":"C:\\xampp\\htdocs\\LVTN_PhanBon\\checkout.php","line":352,"trace":"#0 C:\\xampp\\htdocs\\LVTN_PhanBon\\checkout.php(352): mysqli->query('SELECT * FROM k...')\n#1 {main}"}
[2025-06-22 15:33:31] [EXCEPTION] Unknown column 'KM_TRANGTHAI' in 'where clause' {"file":"C:\\xampp\\htdocs\\LVTN_PhanBon\\checkout.php","line":352,"trace":"#0 C:\\xampp\\htdocs\\LVTN_PhanBon\\checkout.php(352): mysqli->query('SELECT * FROM k...')\n#1 {main}"}
[2025-06-22 15:39:03] [EXCEPTION] Unknown column 'KM_TRANGTHAI' in 'where clause' {"file":"C:\\xampp\\htdocs\\LVTN_PhanBon\\checkout.php","line":471,"trace":"#0 C:\\xampp\\htdocs\\LVTN_PhanBon\\checkout.php(471): mysqli->query('SELECT * FROM k...')\n#1 {main}"}
[2025-06-22 15:39:47] [EXCEPTION] Unknown column 'KM_TRANGTHAI' in 'where clause' {"file":"C:\\xampp\\htdocs\\LVTN_PhanBon\\checkout.php","line":471,"trace":"#0 C:\\xampp\\htdocs\\LVTN_PhanBon\\checkout.php(471): mysqli->query('SELECT * FROM k...')\n#1 {main}"}
[2025-06-22 15:49:18] [EXCEPTION] Unknown column 'KM_TRANGTHAI' in 'where clause' {"file":"C:\\xampp\\htdocs\\LVTN_PhanBon\\checkout.php","line":471,"trace":"#0 C:\\xampp\\htdocs\\LVTN_PhanBon\\checkout.php(471): mysqli->query('SELECT * FROM k...')\n#1 {main}"}
[2025-06-22 15:49:29] [EXCEPTION] Unknown column 'KM_TRANGTHAI' in 'where clause' {"file":"C:\\xampp\\htdocs\\LVTN_PhanBon\\checkout.php","line":471,"trace":"#0 C:\\xampp\\htdocs\\LVTN_PhanBon\\checkout.php(471): mysqli->query('SELECT * FROM k...')\n#1 {main}"}
[2025-06-22 15:49:32] [EXCEPTION] Unknown column 'KM_TRANGTHAI' in 'where clause' {"file":"C:\\xampp\\htdocs\\LVTN_PhanBon\\checkout.php","line":471,"trace":"#0 C:\\xampp\\htdocs\\LVTN_PhanBon\\checkout.php(471): mysqli->query('SELECT * FROM k...')\n#1 {main}"}
[2025-06-22 15:49:44] [EXCEPTION] Unknown column 'KM_TRANGTHAI' in 'where clause' {"file":"C:\\xampp\\htdocs\\LVTN_PhanBon\\checkout.php","line":471,"trace":"#0 C:\\xampp\\htdocs\\LVTN_PhanBon\\checkout.php(471): mysqli->query('SELECT * FROM k...')\n#1 {main}"}
[2025-06-22 15:53:08] [EXCEPTION] Unknown column 'KM_TRANGTHAI' in 'where clause' {"file":"C:\\xampp\\htdocs\\LVTN_PhanBon\\checkout.php","line":476,"trace":"#0 C:\\xampp\\htdocs\\LVTN_PhanBon\\checkout.php(476): mysqli->query('SELECT * FROM k...')\n#1 {main}"}
[2025-06-22 15:53:13] [EXCEPTION] Unknown column 'KM_TRANGTHAI' in 'where clause' {"file":"C:\\xampp\\htdocs\\LVTN_PhanBon\\checkout.php","line":476,"trace":"#0 C:\\xampp\\htdocs\\LVTN_PhanBon\\checkout.php(476): mysqli->query('SELECT * FROM k...')\n#1 {main}"}
[2025-06-22 15:53:15] [EXCEPTION] Unknown column 'KM_TRANGTHAI' in 'where clause' {"file":"C:\\xampp\\htdocs\\LVTN_PhanBon\\checkout.php","line":476,"trace":"#0 C:\\xampp\\htdocs\\LVTN_PhanBon\\checkout.php(476): mysqli->query('SELECT * FROM k...')\n#1 {main}"}
[2025-06-22 15:53:17] [EXCEPTION] Unknown column 'KM_TRANGTHAI' in 'where clause' {"file":"C:\\xampp\\htdocs\\LVTN_PhanBon\\checkout.php","line":476,"trace":"#0 C:\\xampp\\htdocs\\LVTN_PhanBon\\checkout.php(476): mysqli->query('SELECT * FROM k...')\n#1 {main}"}
[2025-06-22 15:57:52] [EXCEPTION] Unknown column 'KM_TRANGTHAI' in 'where clause' {"file":"C:\\xampp\\htdocs\\LVTN_PhanBon\\checkout.php","line":476,"trace":"#0 C:\\xampp\\htdocs\\LVTN_PhanBon\\checkout.php(476): mysqli->query('SELECT * FROM k...')\n#1 {main}"}
[2025-06-22 16:06:44] [EXCEPTION] Unknown column 'KM_TRANGTHAI' in 'where clause' {"file":"C:\\xampp\\htdocs\\LVTN_PhanBon\\checkout.php","line":476,"trace":"#0 C:\\xampp\\htdocs\\LVTN_PhanBon\\checkout.php(476): mysqli->query('SELECT * FROM k...')\n#1 {main}"}
[2025-06-22 16:06:56] [EXCEPTION] Unknown column 'KM_TRANGTHAI' in 'where clause' {"file":"C:\\xampp\\htdocs\\LVTN_PhanBon\\checkout.php","line":476,"trace":"#0 C:\\xampp\\htdocs\\LVTN_PhanBon\\checkout.php(476): mysqli->query('SELECT * FROM k...')\n#1 {main}"}
[2025-06-22 16:07:02] [EXCEPTION] Unknown column 'KM_TRANGTHAI' in 'where clause' {"file":"C:\\xampp\\htdocs\\LVTN_PhanBon\\checkout.php","line":476,"trace":"#0 C:\\xampp\\htdocs\\LVTN_PhanBon\\checkout.php(476): mysqli->query('SELECT * FROM k...')\n#1 {main}"}
[2025-06-22 16:09:03] [EXCEPTION] Unknown column 'KM_TRANGTHAI' in 'where clause' {"file":"C:\\xampp\\htdocs\\LVTN_PhanBon\\checkout.php","line":476,"trace":"#0 C:\\xampp\\htdocs\\LVTN_PhanBon\\checkout.php(476): mysqli->query('SELECT * FROM k...')\n#1 {main}"}
[2025-06-22 16:12:06] [EXCEPTION] Unknown column 'KM_TRANGTHAI' in 'where clause' {"file":"C:\\xampp\\htdocs\\LVTN_PhanBon\\checkout.php","line":476,"trace":"#0 C:\\xampp\\htdocs\\LVTN_PhanBon\\checkout.php(476): mysqli->query('SELECT * FROM k...')\n#1 {main}"}
[2025-06-22 16:14:34] [EXCEPTION] Unknown column 'KM_TRANGTHAI' in 'where clause' {"file":"C:\\xampp\\htdocs\\LVTN_PhanBon\\checkout.php","line":485,"trace":"#0 C:\\xampp\\htdocs\\LVTN_PhanBon\\checkout.php(485): mysqli->query('SELECT * FROM k...')\n#1 {main}"}
[2025-06-22 16:15:02] [EXCEPTION] Unknown column 'KM_TRANGTHAI' in 'where clause' {"file":"C:\\xampp\\htdocs\\LVTN_PhanBon\\checkout.php","line":485,"trace":"#0 C:\\xampp\\htdocs\\LVTN_PhanBon\\checkout.php(485): mysqli->query('SELECT * FROM k...')\n#1 {main}"}
[2025-06-22 16:15:16] [EXCEPTION] Unknown column 'KM_TRANGTHAI' in 'where clause' {"file":"C:\\xampp\\htdocs\\LVTN_PhanBon\\checkout.php","line":485,"trace":"#0 C:\\xampp\\htdocs\\LVTN_PhanBon\\checkout.php(485): mysqli->query('SELECT * FROM k...')\n#1 {main}"}
[2025-06-22 16:17:43] [EXCEPTION] Unknown column 'KM_TRANGTHAI' in 'where clause' {"file":"C:\\xampp\\htdocs\\LVTN_PhanBon\\checkout.php","line":485,"trace":"#0 C:\\xampp\\htdocs\\LVTN_PhanBon\\checkout.php(485): mysqli->query('SELECT * FROM k...')\n#1 {main}"}
