{
    "timestamp": "2025-06-19 17:56:45",
    "type": "UNKNOWN",
    "message": "isIntraProvince is not defined",
    "data": {
        "type": "UNHANDLED_PROMISE",
        "message": "isIntraProvince is not defined",
        "stack": "ReferenceError: isIntraProvince is not defined\n    at AddressManager.calculateShippingFee (http:\/\/localhost\/LVTN_PhanBon\/js\/address.js:371:42)"
    }
}
---
{
    "timestamp": "2025-06-19 17:56:45",
    "type": "UNKNOWN",
    "message": "isIntraProvince is not defined",
    "data": {
        "type": "UNHANDLED_PROMISE",
        "message": "isIntraProvince is not defined",
        "stack": "ReferenceError: isIntraProvince is not defined\n    at AddressManager.calculateShippingFee (http:\/\/localhost\/LVTN_PhanBon\/js\/address.js:371:42)"
    }
}
---
{
    "timestamp": "2025-06-19 18:04:00",
    "type": "UNKNOWN",
    "message": "isIntraProvince is not defined",
    "data": {
        "type": "UNHANDLED_PROMISE",
        "message": "isIntraProvince is not defined",
        "stack": "ReferenceError: isIntraProvince is not defined\n    at AddressManager.calculateShippingFee (http:\/\/localhost\/LVTN_PhanBon\/js\/address.js:371:42)"
    }
}
---
{
    "timestamp": "2025-06-19 18:04:00",
    "type": "UNKNOWN",
    "message": "isIntraProvince is not defined",
    "data": {
        "type": "UNHANDLED_PROMISE",
        "message": "isIntraProvince is not defined",
        "stack": "ReferenceError: isIntraProvince is not defined\n    at AddressManager.calculateShippingFee (http:\/\/localhost\/LVTN_PhanBon\/js\/address.js:371:42)"
    }
}
---
{
    "timestamp": "2025-06-19 18:09:45",
    "type": "UNKNOWN",
    "message": "isIntraProvince is not defined",
    "data": {
        "type": "UNHANDLED_PROMISE",
        "message": "isIntraProvince is not defined",
        "stack": "ReferenceError: isIntraProvince is not defined\n    at AddressManager.calculateShippingFee (http:\/\/localhost\/LVTN_PhanBon\/js\/address.js:371:42)"
    }
}
---
{
    "timestamp": "2025-06-19 18:09:45",
    "type": "UNKNOWN",
    "message": "isIntraProvince is not defined",
    "data": {
        "type": "UNHANDLED_PROMISE",
        "message": "isIntraProvince is not defined",
        "stack": "ReferenceError: isIntraProvince is not defined\n    at AddressManager.calculateShippingFee (http:\/\/localhost\/LVTN_PhanBon\/js\/address.js:371:42)"
    }
}
---
