[2025-07-17 13:51:23][INFO] Generating invoice
Data: Array
(
    [user_id] => 2
    [order_id] => 223
)

--------------------------------------------------------------------------------
[2025-07-17 13:56:48][INFO] Generating invoice
Data: Array
(
    [user_id] => 2
    [order_id] => 223
)

--------------------------------------------------------------------------------
[2025-07-17 14:02:15][INFO] Generating invoice
Data: Array
(
    [user_id] => 2
    [order_id] => 223
)

--------------------------------------------------------------------------------
[2025-07-17 14:04:49][INFO] Generating invoice
Data: Array
(
    [user_id] => 2
    [order_id] => 224
)

--------------------------------------------------------------------------------
[2025-07-17 14:43:37][INFO] Generating invoice
Data: Array
(
    [user_id] => 2
    [order_id] => 226
)

--------------------------------------------------------------------------------
[2025-07-17 15:09:28][INFO] Generating invoice
Data: Array
(
    [user_id] => 2
    [order_id] => 230
)

--------------------------------------------------------------------------------
[2025-07-17 15:10:28][INFO] Generating invoice
Data: Array
(
    [user_id] => 2
    [order_id] => 230
)

--------------------------------------------------------------------------------
[2025-07-17 15:11:03][INFO] Generating invoice
Data: Array
(
    [user_id] => 2
    [order_id] => 230
)

--------------------------------------------------------------------------------
[2025-07-17 15:23:42][INFO] Generating invoice
Data: Array
(
    [user_id] => 2
    [order_id] => 231
)

--------------------------------------------------------------------------------
[2025-07-18 16:43:00][INFO] Generating invoice
Data: Array
(
    [user_id] => 2
    [order_id] => 231
)

--------------------------------------------------------------------------------
[2025-07-19 16:11:36][INFO] Generating invoice
Data: Array
(
    [user_id] => 2
    [order_id] => 248
)

--------------------------------------------------------------------------------
[2025-07-22 12:00:22][INFO] Generating invoice
Data: Array
(
    [user_id] => 2
    [order_id] => 262
)

--------------------------------------------------------------------------------
[2025-07-28 23:00:05][INFO] Generating invoice
Data: Array
(
    [user_id] => 2
    [order_id] => 269
)

--------------------------------------------------------------------------------
