[2025-07-16 15:50:28] Request to VNPAY for order 173: {"vnp_Version":"2.1.0","vnp_TmnCode":"262XSFHX","vnp_Amount":21000000,"vnp_Command":"pay","vnp_CreateDate":"20250716155028","vnp_CurrCode":"VND","vnp_IpAddr":"::1","vnp_Locale":"vn","vnp_OrderInfo":"Thanh toan don hang #173","vnp_OrderType":"billpayment","vnp_ReturnUrl":"http:\/\/localhost\/web\/phanbon_Website\/thanhtoan\/success.php","vnp_TxnRef":173,"vnp_ExpireDate":"20250716160528"}
[2025-07-16 15:50:28] Hash Data: vnp_Amount=21000000&vnp_Command=pay&vnp_CreateDate=20250716155028&vnp_CurrCode=VND&vnp_ExpireDate=20250716160528&vnp_IpAddr=%3A%3A1&vnp_Locale=vn&vnp_OrderInfo=Thanh+toan+don+hang+%23173&vnp_OrderType=billpayment&vnp_ReturnUrl=http%3A%2F%2Flocalhost%2Fweb%2Fphanbon_Website%2Fthanhtoan%2Fsuccess.php&vnp_TmnCode=262XSFHX&vnp_TxnRef=173&vnp_Version=2.1.0
[2025-07-16 15:50:28] Secure Hash: 300e4ad3476414fe49db6fe26c5a185367004d0297a57a6020e390bef43681a73e1ddb8edac8cc1155e478a020063e3a917886030a41be8a4887744bda1d2655
[2025-07-16 15:50:28] Final URL: https://sandbox.vnpayment.vn/paymentv2/vpcpay.html?vnp_Version=2.1.0&vnp_TmnCode=262XSFHX&vnp_Amount=21000000&vnp_Command=pay&vnp_CreateDate=20250716155028&vnp_CurrCode=VND&vnp_IpAddr=%3A%3A1&vnp_Locale=vn&vnp_OrderInfo=Thanh+toan+don+hang+%23173&vnp_OrderType=billpayment&vnp_ReturnUrl=http%3A%2F%2Flocalhost%2Fweb%2Fphanbon_Website%2Fthanhtoan%2Fsuccess.php&vnp_TxnRef=173&vnp_ExpireDate=20250716160528&vnp_SecureHash=300e4ad3476414fe49db6fe26c5a185367004d0297a57a6020e390bef43681a73e1ddb8edac8cc1155e478a020063e3a917886030a41be8a4887744bda1d2655
2025-07-16 15:50:57 - Received VNPay response: {"vnp_Amount":"21000000","vnp_BankCode":"NCB","vnp_BankTranNo":"VNP15078697","vnp_CardType":"ATM","vnp_OrderInfo":"Thanh toan don hang #173","vnp_PayDate":"20250716155150","vnp_ResponseCode":"00","vnp_TmnCode":"262XSFHX","vnp_TransactionNo":"15078697","vnp_TransactionStatus":"00","vnp_TxnRef":"173","vnp_SecureHash":"abb62714bc67afc4b904495182d903c43793bf50a49388afb92b283bc7624ff18fa8c3eaa5889f27a94a5e2e34aff960b2649f9a0783cc3b0172284d4f26ca12"}
[2025-07-16 15:50:57] Verifying VNPAY Response - Hash Data: vnp_Amount=21000000&vnp_BankCode=NCB&vnp_BankTranNo=VNP15078697&vnp_CardType=ATM&vnp_OrderInfo=Thanh+toan+don+hang+%23173&vnp_PayDate=20250716155150&vnp_ResponseCode=00&vnp_TmnCode=262XSFHX&vnp_TransactionNo=15078697&vnp_TransactionStatus=00&vnp_TxnRef=173
[2025-07-16 15:50:57] Generated Hash: abb62714bc67afc4b904495182d903c43793bf50a49388afb92b283bc7624ff18fa8c3eaa5889f27a94a5e2e34aff960b2649f9a0783cc3b0172284d4f26ca12
[2025-07-16 15:50:57] Received Hash: abb62714bc67afc4b904495182d903c43793bf50a49388afb92b283bc7624ff18fa8c3eaa5889f27a94a5e2e34aff960b2649f9a0783cc3b0172284d4f26ca12
2025-07-16 15:50:57 - VNPay response verification successful
2025-07-16 15:50:57 - Response Code: 00
2025-07-16 15:50:57 - Transaction Ref: 173
2025-07-16 15:50:57 - Transaction No: 15078697
2025-07-16 15:50:57 - Payment successful, updating order status
2025-07-16 15:50:57 - Order status updated successfully
2025-07-16 15:50:57 - Redirecting to success_result.php with order_id: 173
[2025-07-16 16:10:08] Request to VNPAY for order 175: {"vnp_Version":"2.1.0","vnp_TmnCode":"262XSFHX","vnp_Amount":14000000,"vnp_Command":"pay","vnp_CreateDate":"20250716161008","vnp_CurrCode":"VND","vnp_IpAddr":"::1","vnp_Locale":"vn","vnp_OrderInfo":"Thanh toan don hang #175","vnp_OrderType":"billpayment","vnp_ReturnUrl":"http:\/\/localhost\/web\/phanbon_Website\/thanhtoan\/success.php","vnp_TxnRef":175,"vnp_ExpireDate":"20250716162508"}
[2025-07-16 16:10:08] Hash Data: vnp_Amount=14000000&vnp_Command=pay&vnp_CreateDate=20250716161008&vnp_CurrCode=VND&vnp_ExpireDate=20250716162508&vnp_IpAddr=%3A%3A1&vnp_Locale=vn&vnp_OrderInfo=Thanh+toan+don+hang+%23175&vnp_OrderType=billpayment&vnp_ReturnUrl=http%3A%2F%2Flocalhost%2Fweb%2Fphanbon_Website%2Fthanhtoan%2Fsuccess.php&vnp_TmnCode=262XSFHX&vnp_TxnRef=175&vnp_Version=2.1.0
[2025-07-16 16:10:08] Secure Hash: f6880411328f382ad6a48858803371d43bdfe21fdf643c391d3103e70aaea22c33002d31eef30e73a0e2dc91f90154b58cb328ac292e0bbe9f385d1972065b21
[2025-07-16 16:10:08] Final URL: https://sandbox.vnpayment.vn/paymentv2/vpcpay.html?vnp_Version=2.1.0&vnp_TmnCode=262XSFHX&vnp_Amount=14000000&vnp_Command=pay&vnp_CreateDate=20250716161008&vnp_CurrCode=VND&vnp_IpAddr=%3A%3A1&vnp_Locale=vn&vnp_OrderInfo=Thanh+toan+don+hang+%23175&vnp_OrderType=billpayment&vnp_ReturnUrl=http%3A%2F%2Flocalhost%2Fweb%2Fphanbon_Website%2Fthanhtoan%2Fsuccess.php&vnp_TxnRef=175&vnp_ExpireDate=20250716162508&vnp_SecureHash=f6880411328f382ad6a48858803371d43bdfe21fdf643c391d3103e70aaea22c33002d31eef30e73a0e2dc91f90154b58cb328ac292e0bbe9f385d1972065b21
2025-07-16 16:13:39 - Received VNPay response: {"vnp_Amount":"14000000","vnp_BankCode":"NCB","vnp_BankTranNo":"VNP15078776","vnp_CardType":"ATM","vnp_OrderInfo":"Thanh toan don hang #175","vnp_PayDate":"20250716161418","vnp_ResponseCode":"00","vnp_TmnCode":"262XSFHX","vnp_TransactionNo":"15078776","vnp_TransactionStatus":"00","vnp_TxnRef":"175","vnp_SecureHash":"13ba2d0020105fc1e66ac03b18baaaff9322c3198e311246818c9aed45fc5ca7b13b7f85544dd53549d923618f50e03bc7a785b4abacfea34a662cd0d39c579d"}
[2025-07-16 16:13:39] Verifying VNPAY Response - Hash Data: vnp_Amount=14000000&vnp_BankCode=NCB&vnp_BankTranNo=VNP15078776&vnp_CardType=ATM&vnp_OrderInfo=Thanh+toan+don+hang+%23175&vnp_PayDate=20250716161418&vnp_ResponseCode=00&vnp_TmnCode=262XSFHX&vnp_TransactionNo=15078776&vnp_TransactionStatus=00&vnp_TxnRef=175
[2025-07-16 16:13:39] Generated Hash: 13ba2d0020105fc1e66ac03b18baaaff9322c3198e311246818c9aed45fc5ca7b13b7f85544dd53549d923618f50e03bc7a785b4abacfea34a662cd0d39c579d
[2025-07-16 16:13:39] Received Hash: 13ba2d0020105fc1e66ac03b18baaaff9322c3198e311246818c9aed45fc5ca7b13b7f85544dd53549d923618f50e03bc7a785b4abacfea34a662cd0d39c579d
2025-07-16 16:13:39 - VNPay response verification successful
2025-07-16 16:13:39 - Response Code: 00
2025-07-16 16:13:39 - Transaction Ref: 175
2025-07-16 16:13:39 - Transaction No: 15078776
2025-07-16 16:13:39 - Payment successful, updating order status
2025-07-16 16:13:39 - Order status updated successfully
2025-07-16 16:13:39 - Redirecting to success_result.php with order_id: 175
[2025-07-17 14:03:53] Request to VNPAY for order 224: {"vnp_Version":"2.1.0","vnp_TmnCode":"262XSFHX","vnp_Amount":133167800,"vnp_Command":"pay","vnp_CreateDate":"20250717140353","vnp_CurrCode":"VND","vnp_IpAddr":"::1","vnp_Locale":"vn","vnp_OrderInfo":"Thanh toan don hang #224","vnp_OrderType":"billpayment","vnp_ReturnUrl":"http:\/\/localhost\/web\/phanbon_Website\/thanhtoan\/success.php","vnp_TxnRef":224,"vnp_ExpireDate":"20250717141853"}
[2025-07-17 14:03:53] Hash Data: vnp_Amount=133167800&vnp_Command=pay&vnp_CreateDate=20250717140353&vnp_CurrCode=VND&vnp_ExpireDate=20250717141853&vnp_IpAddr=%3A%3A1&vnp_Locale=vn&vnp_OrderInfo=Thanh+toan+don+hang+%23224&vnp_OrderType=billpayment&vnp_ReturnUrl=http%3A%2F%2Flocalhost%2Fweb%2Fphanbon_Website%2Fthanhtoan%2Fsuccess.php&vnp_TmnCode=262XSFHX&vnp_TxnRef=224&vnp_Version=2.1.0
[2025-07-17 14:03:53] Secure Hash: 838b12b9ac5d0be2528ce9a780674b147696c409579a66810e490e7f1994997d1788a6c7e5420bf9d589a162b6408f2ebb5367e90d34c93e879aa03ea74689c8
[2025-07-17 14:03:53] Final URL: https://sandbox.vnpayment.vn/paymentv2/vpcpay.html?vnp_Version=2.1.0&vnp_TmnCode=262XSFHX&vnp_Amount=133167800&vnp_Command=pay&vnp_CreateDate=20250717140353&vnp_CurrCode=VND&vnp_IpAddr=%3A%3A1&vnp_Locale=vn&vnp_OrderInfo=Thanh+toan+don+hang+%23224&vnp_OrderType=billpayment&vnp_ReturnUrl=http%3A%2F%2Flocalhost%2Fweb%2Fphanbon_Website%2Fthanhtoan%2Fsuccess.php&vnp_TxnRef=224&vnp_ExpireDate=20250717141853&vnp_SecureHash=838b12b9ac5d0be2528ce9a780674b147696c409579a66810e490e7f1994997d1788a6c7e5420bf9d589a162b6408f2ebb5367e90d34c93e879aa03ea74689c8
2025-07-17 14:04:38 - Received VNPay response: {"vnp_Amount":"133167800","vnp_BankCode":"NCB","vnp_BankTranNo":"VNP15080688","vnp_CardType":"ATM","vnp_OrderInfo":"Thanh toan don hang #224","vnp_PayDate":"20250717140532","vnp_ResponseCode":"00","vnp_TmnCode":"262XSFHX","vnp_TransactionNo":"15080688","vnp_TransactionStatus":"00","vnp_TxnRef":"224","vnp_SecureHash":"5cecd4829c8a5fcbca86d66a631bf8d61d2f7ef2bd4c2f12e4bfe25372683604be99c4d7bb7505fef3ffd207eec251ea1836ea02ff10a9c015a3b844ac8ab433"}
[2025-07-17 14:04:38] Verifying VNPAY Response - Hash Data: vnp_Amount=133167800&vnp_BankCode=NCB&vnp_BankTranNo=VNP15080688&vnp_CardType=ATM&vnp_OrderInfo=Thanh+toan+don+hang+%23224&vnp_PayDate=20250717140532&vnp_ResponseCode=00&vnp_TmnCode=262XSFHX&vnp_TransactionNo=15080688&vnp_TransactionStatus=00&vnp_TxnRef=224
[2025-07-17 14:04:38] Generated Hash: 5cecd4829c8a5fcbca86d66a631bf8d61d2f7ef2bd4c2f12e4bfe25372683604be99c4d7bb7505fef3ffd207eec251ea1836ea02ff10a9c015a3b844ac8ab433
[2025-07-17 14:04:38] Received Hash: 5cecd4829c8a5fcbca86d66a631bf8d61d2f7ef2bd4c2f12e4bfe25372683604be99c4d7bb7505fef3ffd207eec251ea1836ea02ff10a9c015a3b844ac8ab433
2025-07-17 14:04:38 - VNPay response verification successful
2025-07-17 14:04:38 - Response Code: 00
2025-07-17 14:04:38 - Transaction Ref: 224
2025-07-17 14:04:38 - Transaction No: 15080688
2025-07-17 14:04:38 - Payment successful, updating order status
2025-07-17 14:04:38 - Order status updated successfully
2025-07-17 14:04:38 - Redirecting to success_result.php with order_id: 224
